# JRE version: Java(TM) SE Runtime Environment (26.0.1+8) (build 26.0.1+8-34)
# Java VM: Java HotSpot(TM) 64-Bit Server VM (26.0.1+8-34, mixed mode, sharing, tiered, compressed oops, compressed class ptrs, g1 gc, windows-amd64)
GC Precious Log:
 CardTable entry size: 512
 Card Set container configuration: InlinePtr #cards 4 size 8 Array Of Cards #cards 16 size 48 Howl #buckets 8 coarsen threshold 3686 Howl Bitmap #cards 512 size 80 coarsen threshold 460 Card regions per heap region 1 cards per card region 4096
 CPUs: 4 total, 4 available
 Memory: 12163M
 Large Page Support: Disabled
 NUMA Support: Disabled
 Compressed Oops: Enabled (Zero based)
 Heap Region Size: 2M
 Heap Min Capacity: 8M
 Heap Initial Capacity: 8M
 Heap Max Capacity: 3042M
 Pre-touch: Disabled
 Parallel Workers: 4
 Concurrent Workers: 1
 Concurrent Refinement Workers: 4
 Periodic GC: Disabled
Heap:
 garbage-first heap   total reserved 3115008K, committed 28672K, used 11530K [0x0000000741e00000, 0x0000000800000000)
  region size 2M, 2 eden (4M), 1 survivor (2M), 3 old (6M), 2 humongous (4M), 6 free (12M)
GC Heap Usage History (18 events):
Event: 0.369 {heap Before GC invocations=0 (full 0):
 garbage-first heap   total reserved 3115008K, committed 10240K, used 5283K [0x0000000741e00000, 0x0000000800000000)
  region size 2M, 2 eden (4M), 0 survivor (0M), 1 old (2M), 0 humongous (0M), 2 free (4M)
}
Event: 0.372 {heap After GC invocations=1 (full 0):
 garbage-first heap   total reserved 3115008K, committed 10240K, used 1895K [0x0000000741e00000, 0x0000000800000000)
  region size 2M, 0 eden (0M), 1 survivor (2M), 1 old (2M), 0 humongous (0M), 3 free (6M)
}
Event: 0.491 {heap Before GC invocations=1 (full 0):
 garbage-first heap   total reserved 3115008K, committed 10240K, used 3943K [0x0000000741e00000, 0x0000000800000000)
  region size 2M, 1 eden (2M), 1 survivor (2M), 1 old (2M), 0 humongous (0M), 2 free (4M)
}
Event: 0.493 {heap After GC invocations=2 (full 0):
 garbage-first heap   total reserved 3115008K, committed 10240K, used 2222K [0x0000000741e00000, 0x0000000800000000)
  region size 2M, 0 eden (0M), 1 survivor (2M), 1 old (2M), 0 humongous (0M), 3 free (6M)
}
Event: 0.631 {heap Before GC invocations=2 (full 0):
 garbage-first heap   total reserved 3115008K, committed 10240K, used 4270K [0x0000000741e00000, 0x0000000800000000)
  region size 2M, 1 eden (2M), 1 survivor (2M), 1 old (2M), 0 humongous (0M), 2 free (4M)
}
Event: 0.635 {heap After GC invocations=3 (full 0):
 garbage-first heap   total reserved 3115008K, committed 10240K, used 3041K [0x0000000741e00000, 0x0000000800000000)
  region size 2M, 0 eden (0M), 1 survivor (2M), 1 old (2M), 0 humongous (0M), 3 free (6M)
}
Event: 0.834 {heap Before GC invocations=3 (full 0):
 garbage-first heap   total reserved 3115008K, committed 10240K, used 3041K [0x0000000741e00000, 0x0000000800000000)
  region size 2M, 1 eden (2M), 1 survivor (2M), 1 old (2M), 0 humongous (0M), 2 free (4M)
}
Event: 0.838 {heap After GC invocations=4 (full 0):
 garbage-first heap   total reserved 3115008K, committed 10240K, used 3982K [0x0000000741e00000, 0x0000000800000000)
  region size 2M, 0 eden (0M), 1 survivor (2M), 2 old (4M), 0 humongous (0M), 2 free (4M)
}
Event: 0.963 {heap Before GC invocations=4 (full 0):
 garbage-first heap   total reserved 3115008K, committed 10240K, used 3982K [0x0000000741e00000, 0x0000000800000000)
  region size 2M, 1 eden (2M), 1 survivor (2M), 2 old (4M), 0 humongous (0M), 1 free (2M)
}
Event: 0.966 {heap After GC invocations=5 (full 0):
 garbage-first heap   total reserved 3115008K, committed 14336K, used 4348K [0x0000000741e00000, 0x0000000800000000)
  region size 2M, 0 eden (0M), 1 survivor (2M), 2 old (4M), 0 humongous (0M), 4 free (8M)
}
Event: 1.128 {heap Before GC invocations=5 (full 0):
 garbage-first heap   total reserved 3115008K, committed 14336K, used 8444K [0x0000000741e00000, 0x0000000800000000)
  region size 2M, 2 eden (4M), 1 survivor (2M), 2 old (4M), 0 humongous (0M), 2 free (4M)
}
Event: 1.131 {heap After GC invocations=6 (full 0):
 garbage-first heap   total reserved 3115008K, committed 14336K, used 4610K [0x0000000741e00000, 0x0000000800000000)
  region size 2M, 0 eden (0M), 1 survivor (2M), 3 old (6M), 0 humongous (0M), 3 free (6M)
}
Event: 1.180 {heap Before GC invocations=6 (full 0):
 garbage-first heap   total reserved 3115008K, committed 14336K, used 6658K [0x0000000741e00000, 0x0000000800000000)
  region size 2M, 1 eden (2M), 1 survivor (2M), 3 old (6M), 0 humongous (0M), 2 free (4M)
}
Event: 1.181 {heap After GC invocations=7 (full 0):
 garbage-first heap   total reserved 3115008K, committed 14336K, used 4646K [0x0000000741e00000, 0x0000000800000000)
  region size 2M, 0 eden (0M), 1 survivor (2M), 3 old (6M), 0 humongous (0M), 3 free (6M)
}
Event: 1.251 {heap Before GC invocations=7 (full 0):
 garbage-first heap   total reserved 3115008K, committed 14336K, used 4646K [0x0000000741e00000, 0x0000000800000000)
  region size 2M, 1 eden (2M), 1 survivor (2M), 3 old (6M), 0 humongous (0M), 2 free (4M)
}
Event: 1.253 {heap After GC invocations=8 (full 0):
 garbage-first heap   total reserved 3115008K, committed 14336K, used 4743K [0x0000000741e00000, 0x0000000800000000)
  region size 2M, 0 eden (0M), 1 survivor (2M), 3 old (6M), 0 humongous (0M), 3 free (6M)
}
Event: 1.581 {heap Before GC invocations=8 (full 0):
 garbage-first heap   total reserved 3115008K, committed 14336K, used 8839K [0x0000000741e00000, 0x0000000800000000)
  region size 2M, 2 eden (4M), 1 survivor (2M), 3 old (6M), 0 humongous (0M), 1 free (2M)
}
Event: 1.584 {heap After GC invocations=9 (full 0):
 garbage-first heap   total reserved 3115008K, committed 28672K, used 5386K [0x0000000741e00000, 0x0000000800000000)
  region size 2M, 0 eden (0M), 1 survivor (2M), 3 old (6M), 0 humongous (0M), 10 free (20M)
}

